UniPluginAS/app/build/outputs/logs/manifest-merger-debug-report.txt
-- Merging decision tree log ---
manifest
ADDED from src/main/AndroidManifest.xml:2:1-160:12
INJECTED from src/main/AndroidManifest.xml:2:1-160:12
INJECTED from src/main/AndroidManifest.xml:2:1-160:12
INJECTED from src/main/AndroidManifest.xml:2:1-160:12
MERGED from [aps-release.aar] AndroidManifest.xml:2:1-15:12
MERGED from [lib.5plus.base-release.aar] AndroidManifest.xml:2:1-237:12
MERGED from [uniapp-release.aar] AndroidManifest.xml:20:1-37:12
MERGED from [yun_pay.aar] AndroidManifest.xml:2:1-11:12
MERGED from [payment-weixin-release.aar] AndroidManifest.xml:2:1-11:12
MERGED from [aps-igexin-release.aar] AndroidManifest.xml:2:1-11:12
MERGED from [oauth-weixin-release.aar] AndroidManifest.xml:2:1-11:12
MERGED from [payment-alipay-release.aar] AndroidManifest.xml:2:1-11:12
MERGED from [com.android.support:multidex:1.0.2] AndroidManifest.xml:17:1-22:12
MERGED from [com.android.support:recyclerview-v7:25.3.1] AndroidManifest.xml:17:1-26:12
MERGED from [com.android.support:appcompat-v7:25.3.1] AndroidManifest.xml:17:1-31:12
MERGED from [com.facebook.fresco:fresco:0.12.0] AndroidManifest.xml:2:1-9:12
MERGED from [com.facebook.fresco:drawee:0.12.0] AndroidManifest.xml:2:1-9:12
MERGED from [com.facebook.fresco:imagepipeline:0.12.0] AndroidManifest.xml:2:1-9:12
MERGED from [com.facebook.fresco:imagepipeline-base:0.12.0] AndroidManifest.xml:2:1-9:12
MERGED from [com.android.support:support-v4:25.3.1] AndroidManifest.xml:17:1-31:12
MERGED from [com.alibaba.android:bindingx-core:1.0.3] AndroidManifest.xml:2:1-11:12
MERGED from [com.alibaba.android:bindingx_weex_plugin:1.0.3] AndroidManifest.xml:2:1-21:12
MERGED from [com.github.bumptech.glide:glide:4.9.0] AndroidManifest.xml:2:1-12:12
MERGED from [com.github.bumptech.glide:gifdecoder:4.9.0] AndroidManifest.xml:2:1-11:12
MERGED from [com.android.support:support-fragment:27.1.1] AndroidManifest.xml:17:1-22:12
MERGED from [com.android.support:support-media-compat:25.3.1] AndroidManifest.xml:17:1-31:12
MERGED from [com.android.support:animated-vector-drawable:27.1.1] AndroidManifest.xml:17:1-22:12
MERGED from [com.android.support:support-core-ui:27.1.1] AndroidManifest.xml:17:1-22:12
MERGED from [com.android.support:support-core-utils:27.1.1] AndroidManifest.xml:17:1-22:12
MERGED from [com.android.support:support-vector-drawable:27.1.1] AndroidManifest.xml:17:1-22:12
MERGED from [com.android.support:support-compat:27.1.1] AndroidManifest.xml:17:1-22:12
MERGED from [com.facebook.fresco:fbcore:0.12.0] AndroidManifest.xml:2:1-9:12
MERGED from [android.arch.lifecycle:livedata-core:1.1.0] AndroidManifest.xml:17:1-22:12
MERGED from [android.arch.lifecycle:viewmodel:1.1.0] AndroidManifest.xml:17:1-22:12
MERGED from [android.arch.lifecycle:runtime:1.1.0] AndroidManifest.xml:17:1-22:12
MERGED from [android.arch.core:runtime:1.1.0] AndroidManifest.xml:17:1-22:12
INJECTED from src/main/AndroidManifest.xml:2:1-160:12
INJECTED from src/main/AndroidManifest.xml:2:1-160:12
INJECTED from src/main/AndroidManifest.xml:2:1-160:12
	package
		ADDED from src/main/AndroidManifest.xml:3:5-38
		INJECTED from src/main/AndroidManifest.xml
		INJECTED from src/main/AndroidManifest.xml
	android:versionName
		INJECTED from src/main/AndroidManifest.xml
		ADDED from src/main/AndroidManifest.xml:2:1-160:12
		INJECTED from src/main/AndroidManifest.xml
	android:versionCode
		INJECTED from src/main/AndroidManifest.xml
		ADDED from src/main/AndroidManifest.xml:2:1-160:12
		INJECTED from src/main/AndroidManifest.xml
	xmlns:android
		ADDED from src/main/AndroidManifest.xml:2:11-69
supports-screens
ADDED from src/main/AndroidManifest.xml:5:5-10:39
MERGED from [lib.5plus.base-release.aar] AndroidManifest.xml:9:5-14:39
MERGED from [lib.5plus.base-release.aar] AndroidManifest.xml:9:5-14:39
	android:largeScreens
		ADDED from src/main/AndroidManifest.xml:7:9-36
	android:smallScreens
		ADDED from src/main/AndroidManifest.xml:10:9-36
	android:normalScreens
		ADDED from src/main/AndroidManifest.xml:8:9-37
	android:resizeable
		ADDED from src/main/AndroidManifest.xml:9:9-34
	android:anyDensity
		ADDED from src/main/AndroidManifest.xml:6:9-34
uses-permission#android.permission.CAMERA
ADDED from src/main/AndroidManifest.xml:13:5-65
	android:name
		ADDED from src/main/AndroidManifest.xml:13:22-62
uses-permission#android.permission.WRITE_EXTERNAL_STORAGE
ADDED from src/main/AndroidManifest.xml:14:5-81
MERGED from [lib.5plus.base-release.aar] AndroidManifest.xml:16:5-81
MERGED from [lib.5plus.base-release.aar] AndroidManifest.xml:16:5-81
	android:name
		ADDED from src/main/AndroidManifest.xml:14:22-78
uses-feature#android.hardware.camera
ADDED from src/main/AndroidManifest.xml:16:5-60
	android:name
		ADDED from src/main/AndroidManifest.xml:16:19-57
uses-feature#android.hardware.camera.autofocus
ADDED from src/main/AndroidManifest.xml:17:5-70
	android:name
		ADDED from src/main/AndroidManifest.xml:17:19-67
uses-permission#android.permission.VIBRATE
ADDED from src/main/AndroidManifest.xml:19:5-66
	android:name
		ADDED from src/main/AndroidManifest.xml:19:22-63
uses-permission#android.permission.FLASHLIGHT
ADDED from src/main/AndroidManifest.xml:20:5-69
	android:name
		ADDED from src/main/AndroidManifest.xml:20:22-66
uses-permission#android.permission.MODIFY_AUDIO_SETTINGS
ADDED from src/main/AndroidManifest.xml:23:5-79
	android:name
		ADDED from src/main/AndroidManifest.xml:23:22-77
uses-permission#android.permission.INTERNET
ADDED from src/main/AndroidManifest.xml:25:5-66
MERGED from [lib.5plus.base-release.aar] AndroidManifest.xml:17:5-67
MERGED from [lib.5plus.base-release.aar] AndroidManifest.xml:17:5-67
	android:name
		ADDED from src/main/AndroidManifest.xml:25:22-64
uses-permission#android.permission.READ_PHONE_STATE
ADDED from src/main/AndroidManifest.xml:26:5-74
	android:name
		ADDED from src/main/AndroidManifest.xml:26:22-72
uses-permission#android.permission.ACCESS_NETWORK_STATE
ADDED from src/main/AndroidManifest.xml:27:5-78
MERGED from [lib.5plus.base-release.aar] AndroidManifest.xml:18:5-79
MERGED from [lib.5plus.base-release.aar] AndroidManifest.xml:18:5-79
	android:name
		ADDED from src/main/AndroidManifest.xml:27:22-76
uses-permission#android.permission.WAKE_LOCK
ADDED from src/main/AndroidManifest.xml:28:5-67
	android:name
		ADDED from src/main/AndroidManifest.xml:28:22-65
uses-permission#android.permission.RECEIVE_BOOT_COMPLETED
ADDED from src/main/AndroidManifest.xml:29:5-80
	android:name
		ADDED from src/main/AndroidManifest.xml:29:22-78
uses-permission#android.permission.ACCESS_WIFI_STATE
ADDED from src/main/AndroidManifest.xml:32:5-75
	android:name
		ADDED from src/main/AndroidManifest.xml:32:22-73
uses-permission#android.permission.CALL_PHONE
ADDED from src/main/AndroidManifest.xml:33:5-68
	android:name
		ADDED from src/main/AndroidManifest.xml:33:22-66
uses-permission#android.permission.SYSTEM_ALERT_WINDOW
ADDED from src/main/AndroidManifest.xml:34:5-77
	android:name
		ADDED from src/main/AndroidManifest.xml:34:22-75
uses-permission#getui.permission.GetuiService.android.baobaoloufu.com
ADDED from src/main/AndroidManifest.xml:35:5-92
	android:name
		ADDED from src/main/AndroidManifest.xml:35:22-90
permission#getui.permission.GetuiService.android.baobaoloufu.com
ADDED from src/main/AndroidManifest.xml:36:5-120
	android:protectionLevel
		ADDED from src/main/AndroidManifest.xml:36:86-118
	android:name
		ADDED from src/main/AndroidManifest.xml:36:17-85
application
ADDED from src/main/AndroidManifest.xml:38:5-158:19
MERGED from [aps-release.aar] AndroidManifest.xml:9:5-13:19
MERGED from [aps-release.aar] AndroidManifest.xml:9:5-13:19
MERGED from [lib.5plus.base-release.aar] AndroidManifest.xml:58:5-235:19
MERGED from [lib.5plus.base-release.aar] AndroidManifest.xml:58:5-235:19
MERGED from [uniapp-release.aar] AndroidManifest.xml:29:5-35:19
MERGED from [uniapp-release.aar] AndroidManifest.xml:29:5-35:19
MERGED from [payment-weixin-release.aar] AndroidManifest.xml:9:5-20
MERGED from [payment-weixin-release.aar] AndroidManifest.xml:9:5-20
MERGED from [aps-igexin-release.aar] AndroidManifest.xml:9:5-20
MERGED from [aps-igexin-release.aar] AndroidManifest.xml:9:5-20
MERGED from [oauth-weixin-release.aar] AndroidManifest.xml:9:5-20
MERGED from [oauth-weixin-release.aar] AndroidManifest.xml:9:5-20
MERGED from [payment-alipay-release.aar] AndroidManifest.xml:9:5-20
MERGED from [payment-alipay-release.aar] AndroidManifest.xml:9:5-20
MERGED from [com.android.support:appcompat-v7:25.3.1] AndroidManifest.xml:29:5-20
MERGED from [com.android.support:appcompat-v7:25.3.1] AndroidManifest.xml:29:5-20
MERGED from [com.android.support:support-v4:25.3.1] AndroidManifest.xml:29:5-20
MERGED from [com.android.support:support-v4:25.3.1] AndroidManifest.xml:29:5-20
MERGED from [com.alibaba.android:bindingx_weex_plugin:1.0.3] AndroidManifest.xml:9:5-19:19
MERGED from [com.alibaba.android:bindingx_weex_plugin:1.0.3] AndroidManifest.xml:9:5-19:19
MERGED from [com.github.bumptech.glide:glide:4.9.0] AndroidManifest.xml:10:5-20
MERGED from [com.github.bumptech.glide:glide:4.9.0] AndroidManifest.xml:10:5-20
MERGED from [com.github.bumptech.glide:gifdecoder:4.9.0] AndroidManifest.xml:9:5-20
MERGED from [com.github.bumptech.glide:gifdecoder:4.9.0] AndroidManifest.xml:9:5-20
MERGED from [com.android.support:support-media-compat:25.3.1] AndroidManifest.xml:29:5-20
MERGED from [com.android.support:support-media-compat:25.3.1] AndroidManifest.xml:29:5-20
	android:supportsRtl
		ADDED from src/main/AndroidManifest.xml:46:9-35
	android:label
		ADDED from src/main/AndroidManifest.xml:43:9-41
	android:allowClearUserData
		ADDED from src/main/AndroidManifest.xml:41:9-42
	android:debuggable
		ADDED from src/main/AndroidManifest.xml:45:9-34
	android:largeHeap
		ADDED from src/main/AndroidManifest.xml:44:9-33
	android:icon
		ADDED from src/main/AndroidManifest.xml:42:9-38
	android:allowBackup
		ADDED from src/main/AndroidManifest.xml:40:9-35
	android:usesCleartextTraffic
		ADDED from [lib.5plus.base-release.aar] AndroidManifest.xml:61:9-44
	android:name
		ADDED from src/main/AndroidManifest.xml:39:9-63
activity#io.dcloud.PandoraEntry
ADDED from src/main/AndroidManifest.xml:49:9-71:20
	android:hardwareAccelerated
		ADDED from src/main/AndroidManifest.xml:53:13-47
	android:windowSoftInputMode
		ADDED from src/main/AndroidManifest.xml:54:13-55
	android:configChanges
		ADDED from src/main/AndroidManifest.xml:52:13-92
	android:theme
		ADDED from src/main/AndroidManifest.xml:51:13-52
	android:name
		ADDED from src/main/AndroidManifest.xml:50:13-50
intent-filter#action:name:android.intent.action.VIEW+category:name:android.intent.category.BROWSABLE+category:name:android.intent.category.DEFAULT+data:scheme:hbuilder
ADDED from src/main/AndroidManifest.xml:55:13-61:29
data
ADDED from src/main/AndroidManifest.xml:56:17-50
	android:scheme
		ADDED from src/main/AndroidManifest.xml:56:23-48
	android:mimeType
		ADDED from src/main/AndroidManifest.xml:63:23-49
action#android.intent.action.VIEW
ADDED from src/main/AndroidManifest.xml:57:17-68
	android:name
		ADDED from src/main/AndroidManifest.xml:57:25-66
category#android.intent.category.DEFAULT
ADDED from src/main/AndroidManifest.xml:59:17-75
	android:name
		ADDED from src/main/AndroidManifest.xml:59:27-73
category#android.intent.category.BROWSABLE
ADDED from src/main/AndroidManifest.xml:60:17-77
	android:name
		ADDED from src/main/AndroidManifest.xml:60:27-75
intent-filter#action:name:android.intent.action.SEND+category:name:android.intent.category.DEFAULT+data:mimeType:image/*
ADDED from src/main/AndroidManifest.xml:62:13-66:29
action#android.intent.action.SEND
ADDED from src/main/AndroidManifest.xml:64:17-68
	android:name
		ADDED from src/main/AndroidManifest.xml:64:25-66
intent-filter#action:name:android.intent.action.MAIN+category:name:android.intent.category.LAUNCHER
ADDED from src/main/AndroidManifest.xml:67:13-70:29
action#android.intent.action.MAIN
ADDED from src/main/AndroidManifest.xml:68:17-68
	android:name
		ADDED from src/main/AndroidManifest.xml:68:25-66
category#android.intent.category.LAUNCHER
ADDED from src/main/AndroidManifest.xml:69:17-76
	android:name
		ADDED from src/main/AndroidManifest.xml:69:27-74
meta-data#dcloud_uninview_background
ADDED from src/main/AndroidManifest.xml:72:9-73:35
	android:value
		ADDED from src/main/AndroidManifest.xml:73:13-33
	android:name
		ADDED from src/main/AndroidManifest.xml:72:20-61
meta-data#PUSH_APPID
ADDED from src/main/AndroidManifest.xml:76:9-86
	android:value
		ADDED from src/main/AndroidManifest.xml:76:46-84
	android:name
		ADDED from src/main/AndroidManifest.xml:76:20-45
meta-data#PUSH_APPKEY
ADDED from src/main/AndroidManifest.xml:77:9-86
	android:value
		ADDED from src/main/AndroidManifest.xml:77:47-84
	android:name
		ADDED from src/main/AndroidManifest.xml:77:20-46
meta-data#PUSH_APPSECRET
ADDED from src/main/AndroidManifest.xml:78:9-90
	android:value
		ADDED from src/main/AndroidManifest.xml:78:50-88
	android:name
		ADDED from src/main/AndroidManifest.xml:78:20-49
service#com.igexin.sdk.PushService
ADDED from src/main/AndroidManifest.xml:79:9-87:19
	android:process
		ADDED from src/main/AndroidManifest.xml:83:13-43
	android:label
		ADDED from src/main/AndroidManifest.xml:82:13-47
	android:exported
		ADDED from src/main/AndroidManifest.xml:81:13-36
	android:name
		ADDED from src/main/AndroidManifest.xml:80:13-54
intent-filter#action:name:com.igexin.sdk.action.service.message
ADDED from src/main/AndroidManifest.xml:84:13-86:29
action#com.igexin.sdk.action.service.message
ADDED from src/main/AndroidManifest.xml:85:17-79
	android:name
		ADDED from src/main/AndroidManifest.xml:85:25-77
receiver#com.igexin.sdk.PushReceiver
ADDED from src/main/AndroidManifest.xml:88:9-98:20
	android:name
		ADDED from src/main/AndroidManifest.xml:88:19-61
intent-filter#action:name:android.intent.action.ACTION_POWER_CONNECTED+action:name:android.intent.action.ACTION_POWER_DISCONNECTED+action:name:android.intent.action.BOOT_COMPLETED+action:name:android.intent.action.MEDIA_MOUNTED+action:name:android.intent.action.USER_PRESENT+action:name:android.net.conn.CONNECTIVITY_CHANGE+action:name:com.igexin.sdk.action.refreshls
ADDED from src/main/AndroidManifest.xml:89:13-97:29
action#android.intent.action.BOOT_COMPLETED
ADDED from src/main/AndroidManifest.xml:90:17-78
	android:name
		ADDED from src/main/AndroidManifest.xml:90:25-76
action#android.net.conn.CONNECTIVITY_CHANGE
ADDED from src/main/AndroidManifest.xml:91:17-78
	android:name
		ADDED from src/main/AndroidManifest.xml:91:25-76
action#android.intent.action.USER_PRESENT
ADDED from src/main/AndroidManifest.xml:92:17-76
	android:name
		ADDED from src/main/AndroidManifest.xml:92:25-74
action#com.igexin.sdk.action.refreshls
ADDED from src/main/AndroidManifest.xml:93:17-73
	android:name
		ADDED from src/main/AndroidManifest.xml:93:25-71
action#android.intent.action.MEDIA_MOUNTED
ADDED from src/main/AndroidManifest.xml:94:17-77
	android:name
		ADDED from src/main/AndroidManifest.xml:94:25-75
action#android.intent.action.ACTION_POWER_CONNECTED
ADDED from src/main/AndroidManifest.xml:95:17-86
	android:name
		ADDED from src/main/AndroidManifest.xml:95:25-84
action#android.intent.action.ACTION_POWER_DISCONNECTED
ADDED from src/main/AndroidManifest.xml:96:17-89
	android:name
		ADDED from src/main/AndroidManifest.xml:96:25-87
activity#com.igexin.sdk.PushActivity
ADDED from src/main/AndroidManifest.xml:99:9-105:74
	android:process
		ADDED from src/main/AndroidManifest.xml:103:13-43
	android:excludeFromRecents
		ADDED from src/main/AndroidManifest.xml:101:13-46
	android:exported
		ADDED from src/main/AndroidManifest.xml:102:13-37
	android:theme
		ADDED from src/main/AndroidManifest.xml:105:13-72
	android:taskAffinity
		ADDED from src/main/AndroidManifest.xml:104:13-67
	android:name
		ADDED from src/main/AndroidManifest.xml:100:13-55
activity#com.igexin.sdk.GActivity
ADDED from src/main/AndroidManifest.xml:106:9-112:74
	android:process
		ADDED from src/main/AndroidManifest.xml:110:13-43
	android:excludeFromRecents
		ADDED from src/main/AndroidManifest.xml:108:13-46
	android:exported
		ADDED from src/main/AndroidManifest.xml:109:13-36
	android:theme
		ADDED from src/main/AndroidManifest.xml:112:13-72
	android:taskAffinity
		ADDED from src/main/AndroidManifest.xml:111:13-67
	android:name
		ADDED from src/main/AndroidManifest.xml:107:13-52
receiver#io.dcloud.feature.apsGt.GTNotificationReceiver
ADDED from src/main/AndroidManifest.xml:113:9-121:20
	android:name
		ADDED from src/main/AndroidManifest.xml:113:19-80
intent-filter#action:name:android.baobaoloufu.com.__CLEAR_NOTIFICATION+action:name:android.baobaoloufu.com.__CLILK_NOTIFICATION+action:name:android.baobaoloufu.com.__CREATE_NOTIFICATION+action:name:android.baobaoloufu.com.__REMOVE_NOTIFICATION+action:name:android.intent.action.BOOT_COMPLETED
ADDED from src/main/AndroidManifest.xml:114:13-120:29
action#android.baobaoloufu.com.__CREATE_NOTIFICATION
ADDED from src/main/AndroidManifest.xml:116:17-87
	android:name
		ADDED from src/main/AndroidManifest.xml:116:25-85
action#android.baobaoloufu.com.__REMOVE_NOTIFICATION
ADDED from src/main/AndroidManifest.xml:117:17-87
	android:name
		ADDED from src/main/AndroidManifest.xml:117:25-85
action#android.baobaoloufu.com.__CLEAR_NOTIFICATION
ADDED from src/main/AndroidManifest.xml:118:17-86
	android:name
		ADDED from src/main/AndroidManifest.xml:118:25-84
action#android.baobaoloufu.com.__CLILK_NOTIFICATION
ADDED from src/main/AndroidManifest.xml:119:17-86
	android:name
		ADDED from src/main/AndroidManifest.xml:119:25-84
service#io.dcloud.feature.apsGt.GTNormalIntentService
ADDED from src/main/AndroidManifest.xml:122:9-123:75
	android:name
		ADDED from src/main/AndroidManifest.xml:123:13-73
activity#com.alipay.sdk.app.H5PayActivity
ADDED from src/main/AndroidManifest.xml:127:9-132:20
	android:screenOrientation
		ADDED from src/main/AndroidManifest.xml:130:13-47
	android:windowSoftInputMode
		ADDED from src/main/AndroidManifest.xml:131:13-67
	android:exported
		ADDED from src/main/AndroidManifest.xml:129:13-37
	android:configChanges
		ADDED from src/main/AndroidManifest.xml:128:13-74
	android:name
		ADDED from src/main/AndroidManifest.xml:127:19-66
activity#com.alipay.sdk.auth.AuthActivity
ADDED from src/main/AndroidManifest.xml:133:9-137:20
	android:screenOrientation
		ADDED from src/main/AndroidManifest.xml:136:13-47
	android:exported
		ADDED from src/main/AndroidManifest.xml:135:13-37
	android:configChanges
		ADDED from src/main/AndroidManifest.xml:134:13-74
	android:name
		ADDED from src/main/AndroidManifest.xml:133:19-66
meta-data#WX_APPID
ADDED from src/main/AndroidManifest.xml:142:9-83
	android:value
		ADDED from src/main/AndroidManifest.xml:142:46-80
	android:name
		ADDED from src/main/AndroidManifest.xml:142:21-44
meta-data#WX_SECRET
ADDED from src/main/AndroidManifest.xml:143:9-95
	android:value
		ADDED from src/main/AndroidManifest.xml:143:45-93
	android:name
		ADDED from src/main/AndroidManifest.xml:143:20-44
activity#android.baobaoloufu.com.wxapi.WXPayEntryActivity
ADDED from src/main/AndroidManifest.xml:144:9-148:46
	android:launchMode
		ADDED from src/main/AndroidManifest.xml:148:13-43
	android:exported
		ADDED from src/main/AndroidManifest.xml:146:13-36
	android:theme
		ADDED from src/main/AndroidManifest.xml:147:13-72
	android:name
		ADDED from src/main/AndroidManifest.xml:145:13-76
activity#android.baobaoloufu.com.wxapi.WXEntryActivity
ADDED from src/main/AndroidManifest.xml:149:9-153:46
	android:launchMode
		ADDED from src/main/AndroidManifest.xml:153:13-43
	android:exported
		ADDED from src/main/AndroidManifest.xml:151:13-36
	android:theme
		ADDED from src/main/AndroidManifest.xml:152:13-72
	android:name
		ADDED from src/main/AndroidManifest.xml:150:13-73
uses-sdk
INJECTED from src/main/AndroidManifest.xml reason: use-sdk injection requested
INJECTED from src/main/AndroidManifest.xml
INJECTED from src/main/AndroidManifest.xml
MERGED from [aps-release.aar] AndroidManifest.xml:7:5-44
MERGED from [aps-release.aar] AndroidManifest.xml:7:5-44
MERGED from [lib.5plus.base-release.aar] AndroidManifest.xml:7:5-44
MERGED from [lib.5plus.base-release.aar] AndroidManifest.xml:7:5-44
MERGED from [uniapp-release.aar] AndroidManifest.xml:25:5-27:41
MERGED from [uniapp-release.aar] AndroidManifest.xml:25:5-27:41
MERGED from [yun_pay.aar] AndroidManifest.xml:7:5-9:41
MERGED from [yun_pay.aar] AndroidManifest.xml:7:5-9:41
MERGED from [payment-weixin-release.aar] AndroidManifest.xml:7:5-44
MERGED from [payment-weixin-release.aar] AndroidManifest.xml:7:5-44
MERGED from [aps-igexin-release.aar] AndroidManifest.xml:7:5-44
MERGED from [aps-igexin-release.aar] AndroidManifest.xml:7:5-44
MERGED from [oauth-weixin-release.aar] AndroidManifest.xml:7:5-44
MERGED from [oauth-weixin-release.aar] AndroidManifest.xml:7:5-44
MERGED from [payment-alipay-release.aar] AndroidManifest.xml:7:5-44
MERGED from [payment-alipay-release.aar] AndroidManifest.xml:7:5-44
MERGED from [com.android.support:multidex:1.0.2] AndroidManifest.xml:20:5-43
MERGED from [com.android.support:multidex:1.0.2] AndroidManifest.xml:20:5-43
MERGED from [com.android.support:recyclerview-v7:25.3.1] AndroidManifest.xml:20:5-43
MERGED from [com.android.support:recyclerview-v7:25.3.1] AndroidManifest.xml:20:5-43
MERGED from [com.android.support:appcompat-v7:25.3.1] AndroidManifest.xml:21:5-23:78
MERGED from [com.android.support:appcompat-v7:25.3.1] AndroidManifest.xml:21:5-23:78
MERGED from [com.facebook.fresco:fresco:0.12.0] AndroidManifest.xml:5:5-7:41
MERGED from [com.facebook.fresco:fresco:0.12.0] AndroidManifest.xml:5:5-7:41
MERGED from [com.facebook.fresco:drawee:0.12.0] AndroidManifest.xml:5:5-7:41
MERGED from [com.facebook.fresco:drawee:0.12.0] AndroidManifest.xml:5:5-7:41
MERGED from [com.facebook.fresco:imagepipeline:0.12.0] AndroidManifest.xml:5:5-7:41
MERGED from [com.facebook.fresco:imagepipeline:0.12.0] AndroidManifest.xml:5:5-7:41
MERGED from [com.facebook.fresco:imagepipeline-base:0.12.0] AndroidManifest.xml:5:5-7:41
MERGED from [com.facebook.fresco:imagepipeline-base:0.12.0] AndroidManifest.xml:5:5-7:41
MERGED from [com.android.support:support-v4:25.3.1] AndroidManifest.xml:21:5-23:54
MERGED from [com.android.support:support-v4:25.3.1] AndroidManifest.xml:21:5-23:54
MERGED from [com.alibaba.android:bindingx-core:1.0.3] AndroidManifest.xml:7:5-9:41
MERGED from [com.alibaba.android:bindingx-core:1.0.3] AndroidManifest.xml:7:5-9:41
MERGED from [com.alibaba.android:bindingx_weex_plugin:1.0.3] AndroidManifest.xml:5:5-7:41
MERGED from [com.alibaba.android:bindingx_weex_plugin:1.0.3] AndroidManifest.xml:5:5-7:41
MERGED from [com.github.bumptech.glide:glide:4.9.0] AndroidManifest.xml:6:5-8:41
MERGED from [com.github.bumptech.glide:glide:4.9.0] AndroidManifest.xml:6:5-8:41
MERGED from [com.github.bumptech.glide:gifdecoder:4.9.0] AndroidManifest.xml:5:5-7:41
MERGED from [com.github.bumptech.glide:gifdecoder:4.9.0] AndroidManifest.xml:5:5-7:41
MERGED from [com.android.support:support-fragment:27.1.1] AndroidManifest.xml:20:5-44
MERGED from [com.android.support:support-fragment:27.1.1] AndroidManifest.xml:20:5-44
MERGED from [com.android.support:support-media-compat:25.3.1] AndroidManifest.xml:21:5-23:63
MERGED from [com.android.support:support-media-compat:25.3.1] AndroidManifest.xml:21:5-23:63
MERGED from [com.android.support:animated-vector-drawable:27.1.1] AndroidManifest.xml:20:5-44
MERGED from [com.android.support:animated-vector-drawable:27.1.1] AndroidManifest.xml:20:5-44
MERGED from [com.android.support:support-core-ui:27.1.1] AndroidManifest.xml:20:5-44
MERGED from [com.android.support:support-core-ui:27.1.1] AndroidManifest.xml:20:5-44
MERGED from [com.android.support:support-core-utils:27.1.1] AndroidManifest.xml:20:5-44
MERGED from [com.android.support:support-core-utils:27.1.1] AndroidManifest.xml:20:5-44
MERGED from [com.android.support:support-vector-drawable:27.1.1] AndroidManifest.xml:20:5-44
MERGED from [com.android.support:support-vector-drawable:27.1.1] AndroidManifest.xml:20:5-44
MERGED from [com.android.support:support-compat:27.1.1] AndroidManifest.xml:20:5-44
MERGED from [com.android.support:support-compat:27.1.1] AndroidManifest.xml:20:5-44
MERGED from [com.facebook.fresco:fbcore:0.12.0] AndroidManifest.xml:5:5-7:41
MERGED from [com.facebook.fresco:fbcore:0.12.0] AndroidManifest.xml:5:5-7:41
MERGED from [android.arch.lifecycle:livedata-core:1.1.0] AndroidManifest.xml:20:5-44
MERGED from [android.arch.lifecycle:livedata-core:1.1.0] AndroidManifest.xml:20:5-44
MERGED from [android.arch.lifecycle:viewmodel:1.1.0] AndroidManifest.xml:20:5-44
MERGED from [android.arch.lifecycle:viewmodel:1.1.0] AndroidManifest.xml:20:5-44
MERGED from [android.arch.lifecycle:runtime:1.1.0] AndroidManifest.xml:20:5-44
MERGED from [android.arch.lifecycle:runtime:1.1.0] AndroidManifest.xml:20:5-44
MERGED from [android.arch.core:runtime:1.1.0] AndroidManifest.xml:20:5-44
MERGED from [android.arch.core:runtime:1.1.0] AndroidManifest.xml:20:5-44
INJECTED from src/main/AndroidManifest.xml
INJECTED from src/main/AndroidManifest.xml
	tools:overrideLibrary
		ADDED from [com.android.support:appcompat-v7:25.3.1] AndroidManifest.xml:23:9-75
	android:targetSdkVersion
		INJECTED from src/main/AndroidManifest.xml
		ADDED from src/main/AndroidManifest.xml
		INJECTED from src/main/AndroidManifest.xml
	android:minSdkVersion
		INJECTED from src/main/AndroidManifest.xml
		ADDED from src/main/AndroidManifest.xml
		INJECTED from src/main/AndroidManifest.xml
service#io.dcloud.feature.aps.ApsActionService
ADDED from [aps-release.aar] AndroidManifest.xml:10:9-12:39
	android:exported
		ADDED from [aps-release.aar] AndroidManifest.xml:12:13-36
	android:name
		ADDED from [aps-release.aar] AndroidManifest.xml:11:13-66
uses-permission#com.android.launcher.permission.UNINSTALL_SHORTCUT
ADDED from [lib.5plus.base-release.aar] AndroidManifest.xml:19:5-90
	android:name
		ADDED from [lib.5plus.base-release.aar] AndroidManifest.xml:19:22-87
uses-permission#com.huawei.android.launcher.permission.CHANGE_BADGE
ADDED from [lib.5plus.base-release.aar] AndroidManifest.xml:21:5-91
	android:name
		ADDED from [lib.5plus.base-release.aar] AndroidManifest.xml:21:22-88
uses-permission#com.android.launcher.permission.INSTALL_SHORTCUT
ADDED from [lib.5plus.base-release.aar] AndroidManifest.xml:22:5-88
	android:name
		ADDED from [lib.5plus.base-release.aar] AndroidManifest.xml:22:22-85
uses-permission#com.android.launcher.permission.READ_SETTINGS
ADDED from [lib.5plus.base-release.aar] AndroidManifest.xml:23:5-85
	android:name
		ADDED from [lib.5plus.base-release.aar] AndroidManifest.xml:23:22-82
uses-permission#com.android.launcher2.permission.READ_SETTINGS
ADDED from [lib.5plus.base-release.aar] AndroidManifest.xml:24:5-86
	android:name
		ADDED from [lib.5plus.base-release.aar] AndroidManifest.xml:24:22-83
uses-permission#com.android.launcher3.permission.READ_SETTINGS
ADDED from [lib.5plus.base-release.aar] AndroidManifest.xml:25:5-86
	android:name
		ADDED from [lib.5plus.base-release.aar] AndroidManifest.xml:25:22-83
uses-permission#com.yulong.android.launcherL.permission.READ_SETTINGS
ADDED from [lib.5plus.base-release.aar] AndroidManifest.xml:26:5-93
	android:name
		ADDED from [lib.5plus.base-release.aar] AndroidManifest.xml:26:22-90
uses-permission#com.meizu.flyme.launcher.permission.READ_SETTINGS
ADDED from [lib.5plus.base-release.aar] AndroidManifest.xml:27:5-89
	android:name
		ADDED from [lib.5plus.base-release.aar] AndroidManifest.xml:27:22-86
uses-permission#com.bbk.launcher2.permission.READ_SETTINGS
ADDED from [lib.5plus.base-release.aar] AndroidManifest.xml:28:5-82
	android:name
		ADDED from [lib.5plus.base-release.aar] AndroidManifest.xml:28:22-79
uses-permission#com.oppo.launcher.permission.READ_SETTINGS
ADDED from [lib.5plus.base-release.aar] AndroidManifest.xml:29:5-82
	android:name
		ADDED from [lib.5plus.base-release.aar] AndroidManifest.xml:29:22-79
uses-permission#com.htc.launcher.permission.READ_SETTINGS
ADDED from [lib.5plus.base-release.aar] AndroidManifest.xml:30:5-81
	android:name
		ADDED from [lib.5plus.base-release.aar] AndroidManifest.xml:30:22-78
uses-permission#com.qiku.launcher.permission.READ_SETTINGS
ADDED from [lib.5plus.base-release.aar] AndroidManifest.xml:31:5-82
	android:name
		ADDED from [lib.5plus.base-release.aar] AndroidManifest.xml:31:22-79
uses-permission#com.huawei.android.launcher.permission.READ_SETTINGS
ADDED from [lib.5plus.base-release.aar] AndroidManifest.xml:32:5-92
	android:name
		ADDED from [lib.5plus.base-release.aar] AndroidManifest.xml:32:22-89
uses-permission#com.zte.mifavor.launcher.permission.READ_SETTINGS
ADDED from [lib.5plus.base-release.aar] AndroidManifest.xml:33:5-89
	android:name
		ADDED from [lib.5plus.base-release.aar] AndroidManifest.xml:33:22-86
uses-permission#com.lenovo.launcher.permission.READ_SETTINGS
ADDED from [lib.5plus.base-release.aar] AndroidManifest.xml:34:5-84
	android:name
		ADDED from [lib.5plus.base-release.aar] AndroidManifest.xml:34:22-81
uses-permission#com.google.android.launcher.permission.READ_SETTINGS
ADDED from [lib.5plus.base-release.aar] AndroidManifest.xml:35:5-92
	android:name
		ADDED from [lib.5plus.base-release.aar] AndroidManifest.xml:35:22-89
uses-permission#com.yulong.android.launcher3.READ_SETTINGS
ADDED from [lib.5plus.base-release.aar] AndroidManifest.xml:36:5-82
	android:name
		ADDED from [lib.5plus.base-release.aar] AndroidManifest.xml:36:22-79
uses-permission#org.adw.launcher.permission.READ_SETTINGS
ADDED from [lib.5plus.base-release.aar] AndroidManifest.xml:37:5-81
	android:name
		ADDED from [lib.5plus.base-release.aar] AndroidManifest.xml:37:22-78
uses-permission#com.qihoo360.launcher.permission.READ_SETTINGS
ADDED from [lib.5plus.base-release.aar] AndroidManifest.xml:38:5-86
	android:name
		ADDED from [lib.5plus.base-release.aar] AndroidManifest.xml:38:22-83
uses-permission#com.lge.launcher.permission.READ_SETTINGS
ADDED from [lib.5plus.base-release.aar] AndroidManifest.xml:39:5-81
	android:name